****************************************
Report : Averaged Power
	-verbose
Design : bp_softcore
Version: K-2015.12-SP3-2
Date   : Thu Mar 19 21:30:40 2020
****************************************

Library(s) Used:

    saed90nm_typ (File: /home/projects/vlsi/common/ee477/kits/wi18/saed-90nm/pkgs/SAED_EDK90nm_01252011/SAED_EDK90nm/Digital_Standard_cell_Library/synopsys/models/saed90nm_typ.db)
    saed90_8x64_1P_bit (File: /home/ethanwyr/EE477/FinalProject/ee477-chip/memories/saed90_8x64_1P_bit/saed90_8x64_1P_bit.db)
    saed90_64x32_2P (File: /home/ethanwyr/EE477/FinalProject/ee477-chip/memories/saed90_64x32_2P/saed90_64x32_2P.db)
    saed90_64x512_1P_BM (File: /home/ethanwyr/EE477/FinalProject/ee477-chip/memories/saed90_64x512_1P_BM/saed90_64x512_1P_BM.db)
    saed90_248x64_1P_bit (File: /home/ethanwyr/EE477/FinalProject/ee477-chip/memories/saed90_248x64_1P_bit/saed90_248x64_1P_bit.db)
    saed90_16x64_1P_bit (File: /home/ethanwyr/EE477/FinalProject/ee477-chip/memories/saed90_16x64_1P_bit/saed90_16x64_1P_bit.db)
    saed90nm_typ_cg (File: /home/projects/vlsi/common/ee477/kits/wi18/saed-90nm/pkgs/SAED_EDK90nm_01252011/SAED_EDK90nm/Digital_Standard_cell_Library/synopsys/models/clock_gating/saed90nm_typ_cg.db)


Operating Conditions: TYPICAL   Library: saed90nm_typ
Wire Load Model Mode: enclosed

Cell               Design       Wire_model  Library       Selection_type
--------------------------------------------------------------------------------
                   bp_softcore  4000000     saed90nm_typ  automatic-by-area
clint              bp_clint_slice_buffered_02_0
                                35000       saed90nm_typ  automatic-by-area
clint/clint_slice  bp_clint_slice_02_0
                                16000       saed90nm_typ  automatic-by-area
clint/clint_slice/bsg_rtc_strobe
                   bsg_strobe_width_p5_0
                                8000        saed90nm_typ  automatic-by-area
clint/clint_slice/bsg_rtc_strobe/strobe_buf_gate
                   bsg_buf_width_p1_0
                                ForQA       saed90nm_typ  automatic-by-area
clint/clint_slice/bsg_rtc_strobe/S_reg
                   bsg_dff_width_p5_harden_p0_strength_p4_0
                                ForQA       saed90nm_typ  automatic-by-area
clint/clint_slice/bsg_rtc_strobe/nand_C_n
                   bsg_nand_width_p5_harden_p1_0
                                ForQA       saed90nm_typ  automatic-by-area
clint/clint_slice/bsg_rtc_strobe/xnor_S_n
                   bsg_xnor_width_p5_harden_p1_0
                                ForQA       saed90nm_typ  automatic-by-area
clint/clint_slice/bsg_rtc_strobe/andr
                   bsg_reduce_width_p5_and_p1_harden_p1_0
                                ForQA       saed90nm_typ  automatic-by-area
clint/clint_slice/bsg_rtc_strobe/nor3_C_n
                   bsg_nor3_width_p4_harden_p1_0
                                ForQA       saed90nm_typ  automatic-by-area
clint/clint_slice/bsg_rtc_strobe/C_reg
                   bsg_dff_width_p4_harden_p0_strength_p2_0
                                ForQA       saed90nm_typ  automatic-by-area
clint/clint_slice/bsg_rtc_strobe/muxi2_S_n
                   bsg_muxi2_gatestack_width_p5_harden_p1_0
                                ForQA       saed90nm_typ  automatic-by-area
clint/clint_slice/mtime_counter
                   bsg_counter_set_en_lg_max_val_lp64_reset_val_p0_0
                                8000        saed90nm_typ  automatic-by-area
clint/clint_slice/mtime_counter/add_x_1
                   bsg_counter_set_en_lg_max_val_lp64_reset_val_p0_DW01_inc_J39_0_0
                                8000        saed90nm_typ  automatic-by-area
clint/clint_slice/plic_reg
                   bsg_dff_reset_en_width_p1_13
                                ForQA       saed90nm_typ  automatic-by-area
clint/clint_slice/mtimecmp_reg
                   bsg_dff_reset_en_width_p64_0
                                8000        saed90nm_typ  automatic-by-area
clint/clint_slice/gte_x_5
                   bp_clint_slice_02_DW_cmp_J30_0_0
                                8000        saed90nm_typ  automatic-by-area
clint/clint_slice/mipi_reg
                   bsg_dff_reset_en_width_p1_7
                                ForQA       saed90nm_typ  automatic-by-area
clint/cmd_buffer   bsg_two_fifo_width_p184_2
                                16000       saed90nm_typ  automatic-by-area
clint/cmd_buffer/mem_1r1w
                   bsg_mem_1r1w_width_p184_els_p2_read_write_same_addr_p0_2
                                16000       saed90nm_typ  automatic-by-area
clint/cmd_buffer/mem_1r1w/synth
                   bsg_mem_1r1w_synth_width_p184_els_p2_read_write_same_addr_p0_harden_p0_2
                                16000       saed90nm_typ  automatic-by-area
clint/resp_buffer  bsg_two_fifo_width_p184_3
                                16000       saed90nm_typ  automatic-by-area
clint/resp_buffer/mem_1r1w
                   bsg_mem_1r1w_width_p184_els_p2_read_write_same_addr_p0_3
                                16000       saed90nm_typ  automatic-by-area
clint/resp_buffer/mem_1r1w/synth
                   bsg_mem_1r1w_synth_width_p184_els_p2_read_write_same_addr_p0_harden_p0_3
                                16000       saed90nm_typ  automatic-by-area
fifo_1__mem_fifo   bsg_one_fifo_width_p184_3
                                8000        saed90nm_typ  automatic-by-area
fifo_1__mem_fifo/dff_full
                   bsg_dff_reset_width_p1_21
                                ForQA       saed90nm_typ  automatic-by-area
fifo_1__mem_fifo/dff
                   bsg_dff_en_width_p184_harden_p0_3
                                8000        saed90nm_typ  automatic-by-area
uce_0__uce         bp_uce_02_2  8000        saed90nm_typ  automatic-by-area
uce_0__uce/index_counter
                   bsg_counter_set_down_width_p8_2
                                8000        saed90nm_typ  automatic-by-area
uce_0__uce/metadata_v_reg
                   bsg_dff_en_bypass_width_p1_2
                                ForQA       saed90nm_typ  automatic-by-area
uce_0__uce/metadata_v_reg/dff
                   bsg_dff_en_width_p1_harden_p0_strength_p0_2
                                ForQA       saed90nm_typ  automatic-by-area
uce_0__uce/metadata_reg
                   bsg_dff_en_bypass_width_p2_2
                                ForQA       saed90nm_typ  automatic-by-area
uce_0__uce/metadata_reg/dff
                   bsg_dff_en_width_p2_harden_p0_strength_p0_2
                                ForQA       saed90nm_typ  automatic-by-area
uce_0__uce/cache_req_reg
                   bsg_dff_reset_en_width_p110_2
                                8000        saed90nm_typ  automatic-by-area
uce_1__uce         bp_uce_02_3  16000       saed90nm_typ  automatic-by-area
uce_1__uce/index_counter
                   bsg_counter_set_down_width_p8_3
                                8000        saed90nm_typ  automatic-by-area
uce_1__uce/metadata_v_reg
                   bsg_dff_en_bypass_width_p1_3
                                ForQA       saed90nm_typ  automatic-by-area
uce_1__uce/metadata_v_reg/dff
                   bsg_dff_en_width_p1_harden_p0_strength_p0_3
                                ForQA       saed90nm_typ  automatic-by-area
uce_1__uce/dirty_tag_reg
                   bsg_dff_en_bypass_width_p28_1
                                8000        saed90nm_typ  automatic-by-area
uce_1__uce/dirty_tag_reg/dff
                   bsg_dff_en_width_p28_harden_p0_strength_p0_1
                                8000        saed90nm_typ  automatic-by-area
uce_1__uce/dirty_data_reg
                   bsg_dff_en_bypass_width_p128_1
                                8000        saed90nm_typ  automatic-by-area
uce_1__uce/dirty_data_reg/dff
                   bsg_dff_en_width_p128_harden_p0_strength_p0_1
                                8000        saed90nm_typ  automatic-by-area
uce_1__uce/metadata_reg
                   bsg_dff_en_bypass_width_p2_3
                                ForQA       saed90nm_typ  automatic-by-area
uce_1__uce/metadata_reg/dff
                   bsg_dff_en_width_p2_harden_p0_strength_p0_3
                                ForQA       saed90nm_typ  automatic-by-area
uce_1__uce/cache_req_reg
                   bsg_dff_reset_en_width_p110_3
                                8000        saed90nm_typ  automatic-by-area
mem_arbiter        bsg_arb_fixed_inputs_p2_lo_to_hi_p0_0
                                ForQA       saed90nm_typ  automatic-by-area
mem_arbiter/enc    bsg_priority_encode_one_hot_out_width_p2_lo_to_hi_p0_0
                                ForQA       saed90nm_typ  automatic-by-area
mem_arbiter/enc/genblk1_scan
                   bsg_scan_width_p2_or_p1_lo_to_hi_p0_0
                                ForQA       saed90nm_typ  automatic-by-area
core               bp_core_minimal_02_0
                                4000000     saed90nm_typ  automatic-by-area
core/fe_cmd_fifo   bsg_fifo_1r1w_small_width_p78_els_p4_ready_THEN_valid_p1_0
                                16000       saed90nm_typ  automatic-by-area
core/fe_cmd_fifo/unhardened_fifo
                   bsg_fifo_1r1w_small_unhardened_width_p78_els_p4_ready_THEN_valid_p1_0
                                16000       saed90nm_typ  automatic-by-area
core/fe_cmd_fifo/unhardened_fifo/ft
                   bsg_fifo_tracker_els_p4_0
                                8000        saed90nm_typ  automatic-by-area
core/fe_cmd_fifo/unhardened_fifo/ft/rptr
                   bsg_circular_ptr_slots_p4_max_add_p1_2
                                ForQA       saed90nm_typ  automatic-by-area
core/fe_cmd_fifo/unhardened_fifo/ft/wptr
                   bsg_circular_ptr_slots_p4_max_add_p1_3
                                ForQA       saed90nm_typ  automatic-by-area
core/fe_cmd_fifo/unhardened_fifo/mem_1r1w
                   bsg_mem_1r1w_width_p78_els_p4_read_write_same_addr_p0_0
                                16000       saed90nm_typ  automatic-by-area
core/fe_cmd_fifo/unhardened_fifo/mem_1r1w/synth
                   bsg_mem_1r1w_synth_width_p78_els_p4_read_write_same_addr_p0_harden_p0_0
                                16000       saed90nm_typ  automatic-by-area
core/fe            bp_fe_top_02_0
                                2000000     saed90nm_typ  automatic-by-area
core/fe/pc_gen     bp_fe_pc_gen_02_0
                                280000      saed90nm_typ  automatic-by-area
core/fe/pc_gen/btb bp_fe_btb_vaddr_width_p39_btb_tag_width_p10_btb_idx_width_p6_0
                                280000      saed90nm_typ  automatic-by-area
core/fe/pc_gen/btb/tag_mem
                   bsg_mem_1rw_sync_width_p49_els_p64_0
                                140000      saed90nm_typ  automatic-by-area
core/fe/pc_gen/btb/tag_mem/z_s1r1w_mem
                   bsg_mem_1r1w_width_p49_els_p64_read_write_same_addr_p0_0
                                140000      saed90nm_typ  automatic-by-area
core/fe/pc_gen/btb/tag_mem/z_s1r1w_mem/synth
                   bsg_mem_1r1w_synth_width_p49_els_p64_read_write_same_addr_p0_harden_p0_0
                                140000      saed90nm_typ  automatic-by-area
core/fe/pc_gen/shadow_priv_reg
                   bsg_dff_reset_en_width_p2_0
                                ForQA       saed90nm_typ  automatic-by-area
core/fe/pc_gen/pc_gen_stage_reg
                   bsg_dff_reset_width_p84_0
                                8000        saed90nm_typ  automatic-by-area
core/fe/pc_gen/shadow_translation_en_reg
                   bsg_dff_reset_en_width_p1_12
                                ForQA       saed90nm_typ  automatic-by-area
core/fe/pc_gen/pc_resume_reg
                   bsg_dff_reset_en_width_p39_0
                                8000        saed90nm_typ  automatic-by-area
core/fe/pc_gen/branch_metadata_fwd_reg
                   bsg_dff_reset_en_width_p28_2
                                8000        saed90nm_typ  automatic-by-area
core/fe/pc_gen/bp_fe_bht
                   bp_fe_bht_bht_idx_width_p9_0
                                70000       saed90nm_typ  automatic-by-area
core/fe/pc_gen/instr_scan
                   bp_fe_instr_scan_02_0
                                8000        saed90nm_typ  automatic-by-area
core/fe/pc_gen/DP_OP_40_135_3917
                   bp_fe_pc_gen_02_DP_OP_40_135_3917_3_0
                                8000        saed90nm_typ  automatic-by-area
core/fe/mem        bp_fe_mem_02_0
                                1000000     saed90nm_typ  automatic-by-area
core/fe/mem/icache bp_fe_icache_02_0
                                1000000     saed90nm_typ  automatic-by-area
core/fe/mem/icache/read_mux_butterfly
                   bsg_mux_butterfly_width_p64_els_p2_7
                                8000        saed90nm_typ  automatic-by-area
core/fe/mem/icache/read_mux_butterfly/mux_stage_0__mux_swap_0__swap_inst
                   bsg_swap_width_p64_7
                                8000        saed90nm_typ  automatic-by-area
core/fe/mem/icache/lru_decode
                   bsg_lru_pseudo_tree_decode_ways_p2_2
                                ForQA       saed90nm_typ  automatic-by-area
core/fe/mem/icache/stat_mem
                   bsg_mem_1rw_sync_mask_write_bit_width_p1_els_p256_0
                                16000       saed90nm_typ  automatic-by-area
core/fe/mem/icache/stat_mem/notmacro_synth
                   bsg_mem_1rw_sync_mask_write_bit_synth_width_p1_els_p256_0
                                16000       saed90nm_typ  automatic-by-area
core/fe/mem/icache/pe_invalid
                   bsg_priority_encode_width_p2_lo_to_hi_p1_6
                                ForQA       saed90nm_typ  automatic-by-area
core/fe/mem/icache/pe_invalid/a
                   bsg_priority_encode_one_hot_out_width_p2_lo_to_hi_p1_9
                                ForQA       saed90nm_typ  automatic-by-area
core/fe/mem/icache/pe_invalid/a/genblk1_scan
                   bsg_scan_width_p2_or_p1_lo_to_hi_p1_9
                                ForQA       saed90nm_typ  automatic-by-area
core/fe/mem/icache/pe_invalid/b
                   bsg_encode_one_hot_width_p2_lo_to_hi_p1_5
                                ForQA       saed90nm_typ  automatic-by-area
core/fe/mem/icache/pe_invalid/b/aligned_left
                   bsg_encode_one_hot_width_p1_175
                                ForQA       saed90nm_typ  automatic-by-area
core/fe/mem/icache/pe_invalid/b/aligned_right
                   bsg_encode_one_hot_width_p1_174
                                ForQA       saed90nm_typ  automatic-by-area
core/fe/mem/icache/cache_miss_tracker
                   bsg_dff_reset_en_width_p1_reset_val_p0_2
                                ForQA       saed90nm_typ  automatic-by-area
core/fe/mem/icache/data_mems_0__data_mem
                   bsg_mem_1rw_sync_mask_write_byte_els_p512_data_width_p64_4
                                140000      saed90nm_typ  automatic-by-area
core/fe/mem/icache/cache_req_v_reg
                   bsg_dff_reset_width_p1_18
                                ForQA       saed90nm_typ  automatic-by-area
core/fe/mem/icache/data_set_select_mux
                   bsg_mux_width_p64_els_p2_4
                                8000        saed90nm_typ  automatic-by-area
core/fe/mem/icache/final_data_mux
                   bsg_mux_width_p64_els_p2_7
                                8000        saed90nm_typ  automatic-by-area
core/fe/mem/icache/tag_mem
                   bsg_mem_1rw_sync_mask_write_bit_width_p62_els_p256_2
                                1000000     saed90nm_typ  automatic-by-area
core/fe/mem/icache/tag_mem/notmacro_synth
                   bsg_mem_1rw_sync_mask_write_bit_synth_width_p62_els_p256_2
                                1000000     saed90nm_typ  automatic-by-area
core/fe/mem/icache/write_mux_butterfly
                   bsg_mux_butterfly_width_p64_els_p2_4
                                8000        saed90nm_typ  automatic-by-area
core/fe/mem/icache/write_mux_butterfly/mux_stage_0__mux_swap_0__swap_inst
                   bsg_swap_width_p64_4
                                8000        saed90nm_typ  automatic-by-area
core/fe/mem/icache/pe_load_hit
                   bsg_priority_encode_width_p2_lo_to_hi_p1_5
                                ForQA       saed90nm_typ  automatic-by-area
core/fe/mem/icache/pe_load_hit/a
                   bsg_priority_encode_one_hot_out_width_p2_lo_to_hi_p1_5
                                ForQA       saed90nm_typ  automatic-by-area
core/fe/mem/icache/pe_load_hit/a/genblk1_scan
                   bsg_scan_width_p2_or_p1_lo_to_hi_p1_5
                                ForQA       saed90nm_typ  automatic-by-area
core/fe/mem/icache/pe_load_hit/b
                   bsg_encode_one_hot_width_p2_lo_to_hi_p1_6
                                ForQA       saed90nm_typ  automatic-by-area
core/fe/mem/icache/pe_load_hit/b/aligned_left
                   bsg_encode_one_hot_width_p1_23
                                ForQA       saed90nm_typ  automatic-by-area
core/fe/mem/icache/pe_load_hit/b/aligned_right
                   bsg_encode_one_hot_width_p1_39
                                ForQA       saed90nm_typ  automatic-by-area
core/fe/mem/icache/lru_encoder
                   bsg_lru_pseudo_tree_encode_ways_p2_2
                                ForQA       saed90nm_typ  automatic-by-area
core/fe/mem/icache/data_mems_1__data_mem
                   bsg_mem_1rw_sync_mask_write_byte_els_p512_data_width_p64_7
                                140000      saed90nm_typ  automatic-by-area
core/fe/mem/itlb   bp_tlb_02_8_2
                                35000       saed90nm_typ  automatic-by-area
core/fe/mem/itlb/r_v_reg
                   bsg_dff_reset_width_p1_20
                                ForQA       saed90nm_typ  automatic-by-area
core/fe/mem/itlb/miss_vtag_reg
                   bsg_dff_reset_width_p27_2
                                8000        saed90nm_typ  automatic-by-area
core/fe/mem/itlb/vtag_cam
                   bsg_cam_1r1w_els_p8_width_p27_multiple_entries_p0_find_empty_entry_p1_2
                                16000       saed90nm_typ  automatic-by-area
core/fe/mem/itlb/vtag_cam/fi5_epe
                   bsg_priority_encode_width_p8_lo_to_hi_p1_2
                                8000        saed90nm_typ  automatic-by-area
core/fe/mem/itlb/vtag_cam/fi5_epe/a
                   bsg_priority_encode_one_hot_out_width_p8_lo_to_hi_p1_2
                                ForQA       saed90nm_typ  automatic-by-area
core/fe/mem/itlb/vtag_cam/fi5_epe/a/genblk1_scan
                   bsg_scan_width_p8_or_p1_lo_to_hi_p1_2
                                ForQA       saed90nm_typ  automatic-by-area
core/fe/mem/itlb/vtag_cam/fi5_epe/b
                   bsg_encode_one_hot_width_p8_lo_to_hi_p1_6
                                ForQA       saed90nm_typ  automatic-by-area
core/fe/mem/itlb/vtag_cam/fi5_epe/b/aligned_left
                   bsg_encode_one_hot_width_p4_36
                                ForQA       saed90nm_typ  automatic-by-area
core/fe/mem/itlb/vtag_cam/fi5_epe/b/aligned_left/aligned_left
                   bsg_encode_one_hot_width_p2_72
                                ForQA       saed90nm_typ  automatic-by-area
core/fe/mem/itlb/vtag_cam/fi5_epe/b/aligned_left/aligned_left/aligned_left
                   bsg_encode_one_hot_width_p1_151
                                ForQA       saed90nm_typ  automatic-by-area
core/fe/mem/itlb/vtag_cam/fi5_epe/b/aligned_left/aligned_left/aligned_right
                   bsg_encode_one_hot_width_p1_150
                                ForQA       saed90nm_typ  automatic-by-area
core/fe/mem/itlb/vtag_cam/fi5_epe/b/aligned_left/aligned_right
                   bsg_encode_one_hot_width_p2_71
                                ForQA       saed90nm_typ  automatic-by-area
core/fe/mem/itlb/vtag_cam/fi5_epe/b/aligned_left/aligned_right/aligned_left
                   bsg_encode_one_hot_width_p1_149
                                ForQA       saed90nm_typ  automatic-by-area
core/fe/mem/itlb/vtag_cam/fi5_epe/b/aligned_left/aligned_right/aligned_right
                   bsg_encode_one_hot_width_p1_148
                                ForQA       saed90nm_typ  automatic-by-area
core/fe/mem/itlb/vtag_cam/fi5_epe/b/aligned_right
                   bsg_encode_one_hot_width_p4_35
                                ForQA       saed90nm_typ  automatic-by-area
core/fe/mem/itlb/vtag_cam/fi5_epe/b/aligned_right/aligned_left
                   bsg_encode_one_hot_width_p2_70
                                ForQA       saed90nm_typ  automatic-by-area
core/fe/mem/itlb/vtag_cam/fi5_epe/b/aligned_right/aligned_left/aligned_left
                   bsg_encode_one_hot_width_p1_147
                                ForQA       saed90nm_typ  automatic-by-area
core/fe/mem/itlb/vtag_cam/fi5_epe/b/aligned_right/aligned_left/aligned_right
                   bsg_encode_one_hot_width_p1_146
                                ForQA       saed90nm_typ  automatic-by-area
core/fe/mem/itlb/vtag_cam/fi5_epe/b/aligned_right/aligned_right
                   bsg_encode_one_hot_width_p2_69
                                ForQA       saed90nm_typ  automatic-by-area
core/fe/mem/itlb/vtag_cam/fi5_epe/b/aligned_right/aligned_right/aligned_left
                   bsg_encode_one_hot_width_p1_145
                                ForQA       saed90nm_typ  automatic-by-area
core/fe/mem/itlb/vtag_cam/fi5_epe/b/aligned_right/aligned_right/aligned_right
                   bsg_encode_one_hot_width_p1_144
                                ForQA       saed90nm_typ  automatic-by-area
core/fe/mem/itlb/vtag_cam/fi4_ohe
                   bsg_encode_one_hot_width_p8_lo_to_hi_p1_4
                                ForQA       saed90nm_typ  automatic-by-area
core/fe/mem/itlb/vtag_cam/fi4_ohe/aligned_left
                   bsg_encode_one_hot_width_p4_20
                                ForQA       saed90nm_typ  automatic-by-area
core/fe/mem/itlb/vtag_cam/fi4_ohe/aligned_left/aligned_left
                   bsg_encode_one_hot_width_p2_40
                                ForQA       saed90nm_typ  automatic-by-area
core/fe/mem/itlb/vtag_cam/fi4_ohe/aligned_left/aligned_left/aligned_left
                   bsg_encode_one_hot_width_p1_167
                                ForQA       saed90nm_typ  automatic-by-area
core/fe/mem/itlb/vtag_cam/fi4_ohe/aligned_left/aligned_left/aligned_right
                   bsg_encode_one_hot_width_p1_166
                                ForQA       saed90nm_typ  automatic-by-area
core/fe/mem/itlb/vtag_cam/fi4_ohe/aligned_left/aligned_right
                   bsg_encode_one_hot_width_p2_79
                                ForQA       saed90nm_typ  automatic-by-area
core/fe/mem/itlb/vtag_cam/fi4_ohe/aligned_left/aligned_right/aligned_left
                   bsg_encode_one_hot_width_p1_165
                                ForQA       saed90nm_typ  automatic-by-area
core/fe/mem/itlb/vtag_cam/fi4_ohe/aligned_left/aligned_right/aligned_right
                   bsg_encode_one_hot_width_p1_164
                                ForQA       saed90nm_typ  automatic-by-area
core/fe/mem/itlb/vtag_cam/fi4_ohe/aligned_right
                   bsg_encode_one_hot_width_p4_39
                                ForQA       saed90nm_typ  automatic-by-area
core/fe/mem/itlb/vtag_cam/fi4_ohe/aligned_right/aligned_left
                   bsg_encode_one_hot_width_p2_78
                                ForQA       saed90nm_typ  automatic-by-area
core/fe/mem/itlb/vtag_cam/fi4_ohe/aligned_right/aligned_left/aligned_left
                   bsg_encode_one_hot_width_p1_163
                                ForQA       saed90nm_typ  automatic-by-area
core/fe/mem/itlb/vtag_cam/fi4_ohe/aligned_right/aligned_left/aligned_right
                   bsg_encode_one_hot_width_p1_162
                                ForQA       saed90nm_typ  automatic-by-area
core/fe/mem/itlb/vtag_cam/fi4_ohe/aligned_right/aligned_right
                   bsg_encode_one_hot_width_p2_77
                                ForQA       saed90nm_typ  automatic-by-area
core/fe/mem/itlb/vtag_cam/fi4_ohe/aligned_right/aligned_right/aligned_left
                   bsg_encode_one_hot_width_p1_161
                                ForQA       saed90nm_typ  automatic-by-area
core/fe/mem/itlb/vtag_cam/fi4_ohe/aligned_right/aligned_right/aligned_right
                   bsg_encode_one_hot_width_p1_160
                                ForQA       saed90nm_typ  automatic-by-area
core/fe/mem/itlb/entry_ram
                   bsg_mem_1rw_sync_width_p34_els_p8_2
                                16000       saed90nm_typ  automatic-by-area
core/fe/mem/itlb/entry_ram/z_s1r1w_mem
                   bsg_mem_1r1w_width_p34_els_p8_read_write_same_addr_p0_2
                                16000       saed90nm_typ  automatic-by-area
core/fe/mem/itlb/entry_ram/z_s1r1w_mem/synth
                   bsg_mem_1r1w_synth_width_p34_els_p8_read_write_same_addr_p0_harden_p0_2
                                16000       saed90nm_typ  automatic-by-area
core/fe/mem/itlb/plru
                   bp_tlb_replacement_ways_p8_2
                                8000        saed90nm_typ  automatic-by-area
core/fe/mem/itlb/plru/encoder
                   bsg_lru_pseudo_tree_encode_ways_p8_2
                                ForQA       saed90nm_typ  automatic-by-area
core/fe/mem/itlb/plru/encoder/rank_1__nz_mux
                   bsg_mux_width_p1_els_p2_2
                                ForQA       saed90nm_typ  automatic-by-area
core/fe/mem/itlb/plru/encoder/rank_2__nz_mux
                   bsg_mux_width_p1_els_p4_2
                                ForQA       saed90nm_typ  automatic-by-area
core/fe/mem/itlb/plru/decoder
                   bsg_lru_pseudo_tree_decode_ways_p8_2
                                ForQA       saed90nm_typ  automatic-by-area
core/fe/mem/itlb/miss_v_reg
                   bsg_dff_reset_width_p1_19
                                ForQA       saed90nm_typ  automatic-by-area
core/fe/mem/pma    bp_pma_02_2  ForQA       saed90nm_typ  automatic-by-area
core/fe_queue_fifo bsg_fifo_1r1w_rolly_width_p101_els_p8_ready_THEN_valid_p1_0
                                70000       saed90nm_typ  automatic-by-area
core/fe_queue_fifo/cptr
                   bsg_circular_ptr_slots_p16_max_add_p1_0
                                8000        saed90nm_typ  automatic-by-area
core/fe_queue_fifo/fifo_mem
                   bsg_mem_1r1w_width_p101_els_p8_0
                                35000       saed90nm_typ  automatic-by-area
core/fe_queue_fifo/fifo_mem/synth
                   bsg_mem_1r1w_synth_width_p101_els_p8_read_write_same_addr_p0_harden_p0_0
                                35000       saed90nm_typ  automatic-by-area
core/fe_queue_fifo/wptr
                   bsg_circular_ptr_slots_p16_max_add_p15_2
                                8000        saed90nm_typ  automatic-by-area
core/fe_queue_fifo/rptr_circ_ptr
                   bsg_circular_ptr_slots_p16_max_add_p15_3
                                8000        saed90nm_typ  automatic-by-area
core/be            bp_be_top_02_0
                                2000000     saed90nm_typ  automatic-by-area
core/be/be_checker bp_be_checker_top_02_0
                                70000       saed90nm_typ  automatic-by-area
core/be/be_checker/detector
                   bp_be_detector_02_0
                                8000        saed90nm_typ  automatic-by-area
core/be/be_checker/director
                   bp_be_director_02_0
                                8000        saed90nm_typ  automatic-by-area
core/be/be_checker/director/roll_mux
                   bsg_mux_width_p39_els_p2_6
                                8000        saed90nm_typ  automatic-by-area
core/be/be_checker/director/npc
                   bsg_dff_reset_en_39_80000000_0
                                8000        saed90nm_typ  automatic-by-area
core/be/be_checker/director/init_mux
                   bsg_mux_width_p39_els_p2_4
                                8000        saed90nm_typ  automatic-by-area
core/be/be_checker/director/ret_mux
                   bsg_mux_width_p39_els_p2_5
                                8000        saed90nm_typ  automatic-by-area
core/be/be_checker/director/attaboy_pending_reg
                   bsg_dff_reset_en_width_p1_11
                                ForQA       saed90nm_typ  automatic-by-area
core/be/be_checker/director/exception_mux
                   bsg_mux_width_p39_els_p2_7
                                8000        saed90nm_typ  automatic-by-area
core/be/be_checker/scheduler
                   bp_be_scheduler_02_0
                                70000       saed90nm_typ  automatic-by-area
core/be/be_checker/scheduler/issue_pkt_reg
                   bsg_dff_reset_en_width_p173_0
                                8000        saed90nm_typ  automatic-by-area
core/be/be_checker/scheduler/issue_status_reg
                   bsg_dff_reset_en_width_p1_10
                                ForQA       saed90nm_typ  automatic-by-area
core/be/be_checker/scheduler/instr_decoder
                   bp_be_instr_decoder_0
                                8000        saed90nm_typ  automatic-by-area
core/be/be_checker/scheduler/int_regfile
                   bp_be_regfile_02_0
                                35000       saed90nm_typ  automatic-by-area
core/be/be_checker/scheduler/int_regfile/rw_fwd_reg
                   bsg_dff_width_p68_0
                                8000        saed90nm_typ  automatic-by-area
core/be/be_checker/scheduler/int_regfile/rs_addr_reg
                   bsg_dff_reset_en_width_p10_0
                                8000        saed90nm_typ  automatic-by-area
core/be/be_checker/scheduler/int_regfile/rf
                   bsg_mem_2r1w_sync_width_p64_els_p32_0
                                35000       saed90nm_typ  automatic-by-area
core/be/be_mem     bp_be_mem_top_02_0
                                2000000     saed90nm_typ  automatic-by-area
core/be/be_mem/ptw bp_be_ptw_02_64_3_0
                                8000        saed90nm_typ  automatic-by-area
core/be/be_mem/ptw/tlb_sel_reg
                   bsg_dff_reset_en_width_p1_9
                                ForQA       saed90nm_typ  automatic-by-area
core/be/be_mem/ptw/dcache_data_reg
                   bsg_dff_reset_width_p65_0
                                8000        saed90nm_typ  automatic-by-area
core/be/be_mem/ptw/vpn_reg
                   bsg_dff_reset_en_width_p27_0
                                8000        saed90nm_typ  automatic-by-area
core/be/be_mem/ptw/cmd_sel_reg
                   bsg_dff_reset_en_width_p1_8
                                ForQA       saed90nm_typ  automatic-by-area
core/be/be_mem/ptw/ppn_reg
                   bsg_dff_reset_en_width_p28_3
                                8000        saed90nm_typ  automatic-by-area
core/be/be_mem/dtlb
                   bp_tlb_02_8_3
                                35000       saed90nm_typ  automatic-by-area
core/be/be_mem/dtlb/r_v_reg
                   bsg_dff_reset_width_p1_15
                                ForQA       saed90nm_typ  automatic-by-area
core/be/be_mem/dtlb/miss_vtag_reg
                   bsg_dff_reset_width_p27_3
                                8000        saed90nm_typ  automatic-by-area
core/be/be_mem/dtlb/vtag_cam
                   bsg_cam_1r1w_els_p8_width_p27_multiple_entries_p0_find_empty_entry_p1_3
                                16000       saed90nm_typ  automatic-by-area
core/be/be_mem/dtlb/vtag_cam/fi5_epe
                   bsg_priority_encode_width_p8_lo_to_hi_p1_3
                                8000        saed90nm_typ  automatic-by-area
core/be/be_mem/dtlb/vtag_cam/fi5_epe/a
                   bsg_priority_encode_one_hot_out_width_p8_lo_to_hi_p1_3
                                ForQA       saed90nm_typ  automatic-by-area
core/be/be_mem/dtlb/vtag_cam/fi5_epe/a/genblk1_scan
                   bsg_scan_width_p8_or_p1_lo_to_hi_p1_3
                                ForQA       saed90nm_typ  automatic-by-area
core/be/be_mem/dtlb/vtag_cam/fi5_epe/b
                   bsg_encode_one_hot_width_p8_lo_to_hi_p1_5
                                ForQA       saed90nm_typ  automatic-by-area
core/be/be_mem/dtlb/vtag_cam/fi5_epe/b/aligned_left
                   bsg_encode_one_hot_width_p4_22
                                ForQA       saed90nm_typ  automatic-by-area
core/be/be_mem/dtlb/vtag_cam/fi5_epe/b/aligned_left/aligned_left
                   bsg_encode_one_hot_width_p2_44
                                ForQA       saed90nm_typ  automatic-by-area
core/be/be_mem/dtlb/vtag_cam/fi5_epe/b/aligned_left/aligned_left/aligned_left
                   bsg_encode_one_hot_width_p1_97
                                ForQA       saed90nm_typ  automatic-by-area
core/be/be_mem/dtlb/vtag_cam/fi5_epe/b/aligned_left/aligned_left/aligned_right
                   bsg_encode_one_hot_width_p1_96
                                ForQA       saed90nm_typ  automatic-by-area
core/be/be_mem/dtlb/vtag_cam/fi5_epe/b/aligned_left/aligned_right
                   bsg_encode_one_hot_width_p2_43
                                ForQA       saed90nm_typ  automatic-by-area
core/be/be_mem/dtlb/vtag_cam/fi5_epe/b/aligned_left/aligned_right/aligned_left
                   bsg_encode_one_hot_width_p1_95
                                ForQA       saed90nm_typ  automatic-by-area
core/be/be_mem/dtlb/vtag_cam/fi5_epe/b/aligned_left/aligned_right/aligned_right
                   bsg_encode_one_hot_width_p1_94
                                ForQA       saed90nm_typ  automatic-by-area
core/be/be_mem/dtlb/vtag_cam/fi5_epe/b/aligned_right
                   bsg_encode_one_hot_width_p4_21
                                ForQA       saed90nm_typ  automatic-by-area
core/be/be_mem/dtlb/vtag_cam/fi5_epe/b/aligned_right/aligned_left
                   bsg_encode_one_hot_width_p2_42
                                ForQA       saed90nm_typ  automatic-by-area
core/be/be_mem/dtlb/vtag_cam/fi5_epe/b/aligned_right/aligned_left/aligned_left
                   bsg_encode_one_hot_width_p1_93
                                ForQA       saed90nm_typ  automatic-by-area
core/be/be_mem/dtlb/vtag_cam/fi5_epe/b/aligned_right/aligned_left/aligned_right
                   bsg_encode_one_hot_width_p1_92
                                ForQA       saed90nm_typ  automatic-by-area
core/be/be_mem/dtlb/vtag_cam/fi5_epe/b/aligned_right/aligned_right
                   bsg_encode_one_hot_width_p2_41
                                ForQA       saed90nm_typ  automatic-by-area
core/be/be_mem/dtlb/vtag_cam/fi5_epe/b/aligned_right/aligned_right/aligned_left
                   bsg_encode_one_hot_width_p1_91
                                ForQA       saed90nm_typ  automatic-by-area
core/be/be_mem/dtlb/vtag_cam/fi5_epe/b/aligned_right/aligned_right/aligned_right
                   bsg_encode_one_hot_width_p1_90
                                ForQA       saed90nm_typ  automatic-by-area
core/be/be_mem/dtlb/vtag_cam/fi4_ohe
                   bsg_encode_one_hot_width_p8_lo_to_hi_p1_7
                                ForQA       saed90nm_typ  automatic-by-area
core/be/be_mem/dtlb/vtag_cam/fi4_ohe/aligned_left
                   bsg_encode_one_hot_width_p4_38
                                ForQA       saed90nm_typ  automatic-by-area
core/be/be_mem/dtlb/vtag_cam/fi4_ohe/aligned_left/aligned_left
                   bsg_encode_one_hot_width_p2_76
                                ForQA       saed90nm_typ  automatic-by-area
core/be/be_mem/dtlb/vtag_cam/fi4_ohe/aligned_left/aligned_left/aligned_left
                   bsg_encode_one_hot_width_p1_159
                                ForQA       saed90nm_typ  automatic-by-area
core/be/be_mem/dtlb/vtag_cam/fi4_ohe/aligned_left/aligned_left/aligned_right
                   bsg_encode_one_hot_width_p1_158
                                ForQA       saed90nm_typ  automatic-by-area
core/be/be_mem/dtlb/vtag_cam/fi4_ohe/aligned_left/aligned_right
                   bsg_encode_one_hot_width_p2_75
                                ForQA       saed90nm_typ  automatic-by-area
core/be/be_mem/dtlb/vtag_cam/fi4_ohe/aligned_left/aligned_right/aligned_left
                   bsg_encode_one_hot_width_p1_157
                                ForQA       saed90nm_typ  automatic-by-area
core/be/be_mem/dtlb/vtag_cam/fi4_ohe/aligned_left/aligned_right/aligned_right
                   bsg_encode_one_hot_width_p1_156
                                ForQA       saed90nm_typ  automatic-by-area
core/be/be_mem/dtlb/vtag_cam/fi4_ohe/aligned_right
                   bsg_encode_one_hot_width_p4_37
                                ForQA       saed90nm_typ  automatic-by-area
core/be/be_mem/dtlb/vtag_cam/fi4_ohe/aligned_right/aligned_left
                   bsg_encode_one_hot_width_p2_74
                                ForQA       saed90nm_typ  automatic-by-area
core/be/be_mem/dtlb/vtag_cam/fi4_ohe/aligned_right/aligned_left/aligned_left
                   bsg_encode_one_hot_width_p1_155
                                ForQA       saed90nm_typ  automatic-by-area
core/be/be_mem/dtlb/vtag_cam/fi4_ohe/aligned_right/aligned_left/aligned_right
                   bsg_encode_one_hot_width_p1_154
                                ForQA       saed90nm_typ  automatic-by-area
core/be/be_mem/dtlb/vtag_cam/fi4_ohe/aligned_right/aligned_right
                   bsg_encode_one_hot_width_p2_73
                                ForQA       saed90nm_typ  automatic-by-area
core/be/be_mem/dtlb/vtag_cam/fi4_ohe/aligned_right/aligned_right/aligned_left
                   bsg_encode_one_hot_width_p1_153
                                ForQA       saed90nm_typ  automatic-by-area
core/be/be_mem/dtlb/vtag_cam/fi4_ohe/aligned_right/aligned_right/aligned_right
                   bsg_encode_one_hot_width_p1_152
                                ForQA       saed90nm_typ  automatic-by-area
core/be/be_mem/dtlb/entry_ram
                   bsg_mem_1rw_sync_width_p34_els_p8_3
                                16000       saed90nm_typ  automatic-by-area
core/be/be_mem/dtlb/entry_ram/z_s1r1w_mem
                   bsg_mem_1r1w_width_p34_els_p8_read_write_same_addr_p0_3
                                16000       saed90nm_typ  automatic-by-area
core/be/be_mem/dtlb/entry_ram/z_s1r1w_mem/synth
                   bsg_mem_1r1w_synth_width_p34_els_p8_read_write_same_addr_p0_harden_p0_3
                                16000       saed90nm_typ  automatic-by-area
core/be/be_mem/dtlb/plru
                   bp_tlb_replacement_ways_p8_3
                                8000        saed90nm_typ  automatic-by-area
core/be/be_mem/dtlb/plru/encoder
                   bsg_lru_pseudo_tree_encode_ways_p8_3
                                ForQA       saed90nm_typ  automatic-by-area
core/be/be_mem/dtlb/plru/encoder/rank_1__nz_mux
                   bsg_mux_width_p1_els_p2_3
                                ForQA       saed90nm_typ  automatic-by-area
core/be/be_mem/dtlb/plru/encoder/rank_2__nz_mux
                   bsg_mux_width_p1_els_p4_3
                                ForQA       saed90nm_typ  automatic-by-area
core/be/be_mem/dtlb/plru/decoder
                   bsg_lru_pseudo_tree_decode_ways_p8_3
                                ForQA       saed90nm_typ  automatic-by-area
core/be/be_mem/dtlb/miss_v_reg
                   bsg_dff_reset_width_p1_14
                                ForQA       saed90nm_typ  automatic-by-area
core/be/be_mem/fault_reg
                   bsg_dff_en_width_p78_0
                                8000        saed90nm_typ  automatic-by-area
core/be/be_mem/pma bp_pma_02_3  ForQA       saed90nm_typ  automatic-by-area
core/be/be_mem/dcache
                   bp_be_dcache_02_0_0
                                2000000     saed90nm_typ  automatic-by-area
core/be/be_mem/dcache/lock_counter
                   bsg_counter_clear_up_max_val_p8_init_val_p0_disable_overflow_warning_p1_0
                                8000        saed90nm_typ  automatic-by-area
core/be/be_mem/dcache/write_mux_butterfly
                   bsg_mux_butterfly_width_p64_els_p2_6
                                8000        saed90nm_typ  automatic-by-area
core/be/be_mem/dcache/write_mux_butterfly/mux_stage_0__mux_swap_0__swap_inst
                   bsg_swap_width_p64_6
                                8000        saed90nm_typ  automatic-by-area
core/be/be_mem/dcache/ld_data_set_select_mux
                   bsg_mux_width_p64_els_p2_6
                                8000        saed90nm_typ  automatic-by-area
core/be/be_mem/dcache/data_mem_0__data_mem
                   bsg_mem_1rw_sync_mask_write_byte_els_p512_data_width_p64_6
                                140000      saed90nm_typ  automatic-by-area
core/be/be_mem/dcache/cache_req_v_reg
                   bsg_dff_reset_width_p1_13
                                ForQA       saed90nm_typ  automatic-by-area
core/be/be_mem/dcache/dirty_mask_decode
                   bsg_decode_with_v_num_out_p2_0
                                ForQA       saed90nm_typ  automatic-by-area
core/be/be_mem/dcache/dirty_mask_decode/bd
                   bsg_decode_num_out_p2_5
                                ForQA       saed90nm_typ  automatic-by-area
core/be/be_mem/dcache/lru_decode
                   bsg_lru_pseudo_tree_decode_ways_p2_3
                                ForQA       saed90nm_typ  automatic-by-area
core/be/be_mem/dcache/pe_load_hit
                   bsg_priority_encode_width_p2_lo_to_hi_p1_9
                                ForQA       saed90nm_typ  automatic-by-area
core/be/be_mem/dcache/pe_load_hit/a
                   bsg_priority_encode_one_hot_out_width_p2_lo_to_hi_p1_8
                                ForQA       saed90nm_typ  automatic-by-area
core/be/be_mem/dcache/pe_load_hit/a/genblk1_scan
                   bsg_scan_width_p2_or_p1_lo_to_hi_p1_8
                                ForQA       saed90nm_typ  automatic-by-area
core/be/be_mem/dcache/pe_load_hit/b
                   bsg_encode_one_hot_width_p2_lo_to_hi_p1_9
                                ForQA       saed90nm_typ  automatic-by-area
core/be/be_mem/dcache/pe_load_hit/b/aligned_left
                   bsg_encode_one_hot_width_p1_173
                                ForQA       saed90nm_typ  automatic-by-area
core/be/be_mem/dcache/pe_load_hit/b/aligned_right
                   bsg_encode_one_hot_width_p1_172
                                ForQA       saed90nm_typ  automatic-by-area
core/be/be_mem/dcache/stat_mem
                   bsg_mem_1rw_sync_mask_write_bit_width_p3_els_p256_0
                                70000       saed90nm_typ  automatic-by-area
core/be/be_mem/dcache/stat_mem/notmacro_synth
                   bsg_mem_1rw_sync_mask_write_bit_synth_width_p3_els_p256_0
                                70000       saed90nm_typ  automatic-by-area
core/be/be_mem/dcache/bypass_mux_segmented
                   bsg_mux_segmented_segments_p8_segment_width_p8_3
                                8000        saed90nm_typ  automatic-by-area
core/be/be_mem/dcache/cache_miss_tracker
                   bsg_dff_reset_en_width_p1_reset_val_p0_3
                                ForQA       saed90nm_typ  automatic-by-area
core/be/be_mem/dcache/read_mux_butterfly
                   bsg_mux_butterfly_width_p64_els_p2_5
                                8000        saed90nm_typ  automatic-by-area
core/be/be_mem/dcache/read_mux_butterfly/mux_stage_0__mux_swap_0__swap_inst
                   bsg_swap_width_p64_5
                                8000        saed90nm_typ  automatic-by-area
core/be/be_mem/dcache/pe_invalid
                   bsg_priority_encode_width_p2_lo_to_hi_p1_7
                                ForQA       saed90nm_typ  automatic-by-area
core/be/be_mem/dcache/pe_invalid/a
                   bsg_priority_encode_one_hot_out_width_p2_lo_to_hi_p1_6
                                ForQA       saed90nm_typ  automatic-by-area
core/be/be_mem/dcache/pe_invalid/a/genblk1_scan
                   bsg_scan_width_p2_or_p1_lo_to_hi_p1_6
                                ForQA       saed90nm_typ  automatic-by-area
core/be/be_mem/dcache/pe_invalid/b
                   bsg_encode_one_hot_width_p2_lo_to_hi_p1_7
                                ForQA       saed90nm_typ  automatic-by-area
core/be/be_mem/dcache/pe_invalid/b/aligned_left
                   bsg_encode_one_hot_width_p1_169
                                ForQA       saed90nm_typ  automatic-by-area
core/be/be_mem/dcache/pe_invalid/b/aligned_right
                   bsg_encode_one_hot_width_p1_168
                                ForQA       saed90nm_typ  automatic-by-area
core/be/be_mem/dcache/output64_word_mux
                   bsg_mux_width_p32_els_p2_0
                                8000        saed90nm_typ  automatic-by-area
core/be/be_mem/dcache/tag_mem
                   bsg_mem_1rw_sync_mask_write_bit_width_p62_els_p256_3
                                1000000     saed90nm_typ  automatic-by-area
core/be/be_mem/dcache/tag_mem/notmacro_synth
                   bsg_mem_1rw_sync_mask_write_bit_synth_width_p62_els_p256_3
                                1000000     saed90nm_typ  automatic-by-area
core/be/be_mem/dcache/wbuf_data_mem_v_decode
                   bsg_decode_num_out_p2_7
                                ForQA       saed90nm_typ  automatic-by-area
core/be/be_mem/dcache/final_data_mux
                   bsg_mux_width_p64_els_p2_5
                                8000        saed90nm_typ  automatic-by-area
core/be/be_mem/dcache/cache_miss_detect
                   bsg_edge_detect_falling_not_rising_p1_0
                                ForQA       saed90nm_typ  automatic-by-area
core/be/be_mem/dcache/cache_miss_detect/sig_reg
                   bsg_dff_reset_width_p1_12
                                ForQA       saed90nm_typ  automatic-by-area
core/be/be_mem/dcache/pe_store_hit
                   bsg_priority_encode_width_p2_lo_to_hi_p1_8
                                ForQA       saed90nm_typ  automatic-by-area
core/be/be_mem/dcache/pe_store_hit/a
                   bsg_priority_encode_one_hot_out_width_p2_lo_to_hi_p1_7
                                ForQA       saed90nm_typ  automatic-by-area
core/be/be_mem/dcache/pe_store_hit/a/genblk1_scan
                   bsg_scan_width_p2_or_p1_lo_to_hi_p1_7
                                ForQA       saed90nm_typ  automatic-by-area
core/be/be_mem/dcache/pe_store_hit/b
                   bsg_encode_one_hot_width_p2_lo_to_hi_p1_8
                                ForQA       saed90nm_typ  automatic-by-area
core/be/be_mem/dcache/pe_store_hit/b/aligned_left
                   bsg_encode_one_hot_width_p1_171
                                ForQA       saed90nm_typ  automatic-by-area
core/be/be_mem/dcache/pe_store_hit/b/aligned_right
                   bsg_encode_one_hot_width_p1_170
                                ForQA       saed90nm_typ  automatic-by-area
core/be/be_mem/dcache/output64_half_mux
                   bsg_mux_width_p16_els_p4_0
                                8000        saed90nm_typ  automatic-by-area
core/be/be_mem/dcache/wbuf
                   bp_be_dcache_wbuf_data_width_p64_paddr_width_p40_ways_p2_sets_p256_0
                                35000       saed90nm_typ  automatic-by-area
core/be/be_mem/dcache/wbuf/wbq
                   bp_be_dcache_wbuf_queue_width_p113_0
                                16000       saed90nm_typ  automatic-by-area
core/be/be_mem/dcache/wbuf/mux_segmented_merge0
                   bsg_mux_segmented_segments_p8_segment_width_p8_5
                                8000        saed90nm_typ  automatic-by-area
core/be/be_mem/dcache/wbuf/mux_segmented_merge1
                   bsg_mux_segmented_segments_p8_segment_width_p8_4
                                8000        saed90nm_typ  automatic-by-area
core/be/be_mem/dcache/data_mem_1__data_mem
                   bsg_mem_1rw_sync_mask_write_byte_els_p512_data_width_p64_5
                                140000      saed90nm_typ  automatic-by-area
core/be/be_mem/dcache/output64_byte_mux
                   bsg_mux_width_p8_els_p8_0
                                8000        saed90nm_typ  automatic-by-area
core/be/be_mem/dcache/lru_encoder
                   bsg_lru_pseudo_tree_encode_ways_p2_3
                                ForQA       saed90nm_typ  automatic-by-area
core/be/be_mem/csr bp_be_csr_02_0
                                70000       saed90nm_typ  automatic-by-area
core/be/be_mem/csr/sepc_reg
                   bsg_dff_reset_width_p41_5
                                8000        saed90nm_typ  automatic-by-area
core/be/be_mem/csr/translation_en_reg
                   bsg_dff_reset_width_p1_16
                                ForQA       saed90nm_typ  automatic-by-area
core/be/be_mem/csr/scause_reg
                   bsg_dff_reset_width_p5_2
                                ForQA       saed90nm_typ  automatic-by-area
core/be/be_mem/csr/pmpcfg0_reg
                   bsg_dff_reset_width_p32_0
                                8000        saed90nm_typ  automatic-by-area
core/be/be_mem/csr/pmpaddr3_reg
                   bsg_dff_reset_width_p38_5
                                8000        saed90nm_typ  automatic-by-area
core/be/be_mem/csr/add_x_7
                   bp_be_csr_02_DW01_inc_1_0
                                8000        saed90nm_typ  automatic-by-area
core/be/be_mem/csr/add_x_8
                   bp_be_csr_02_DW01_add_J40_0_0
                                8000        saed90nm_typ  automatic-by-area
core/be/be_mem/csr/dpc_reg
                   bsg_dff_reset_width_p41_6
                                8000        saed90nm_typ  automatic-by-area
core/be/be_mem/csr/mcountinhibit_reg
                   bsg_dff_reset_width_p2_4
                                ForQA       saed90nm_typ  automatic-by-area
core/be/be_mem/csr/medeleg_reg
                   bsg_dff_reset_width_p13_0
                                8000        saed90nm_typ  automatic-by-area
core/be/be_mem/csr/mcounteren_reg
                   bsg_dff_reset_width_p2_5
                                ForQA       saed90nm_typ  automatic-by-area
core/be/be_mem/csr/pmpaddr2_reg
                   bsg_dff_reset_width_p38_6
                                8000        saed90nm_typ  automatic-by-area
core/be/be_mem/csr/mscratch_reg
                   bsg_dff_reset_width_p64_3
                                8000        saed90nm_typ  automatic-by-area
core/be/be_mem/csr/mtvec_reg
                   bsg_dff_reset_width_p39_3
                                8000        saed90nm_typ  automatic-by-area
core/be/be_mem/csr/dcsr_reg
                   bsg_dff_reset_width_p11_0
                                8000        saed90nm_typ  automatic-by-area
core/be/be_mem/csr/sscratch_reg
                   bsg_dff_reset_width_p64_2
                                8000        saed90nm_typ  automatic-by-area
core/be/be_mem/csr/priv_mode_reg
                   bsg_dff_reset_2_3_0
                                ForQA       saed90nm_typ  automatic-by-area
core/be/be_mem/csr/stval_reg
                   bsg_dff_reset_width_p41_9
                                8000        saed90nm_typ  automatic-by-area
core/be/be_mem/csr/pmpaddr1_reg
                   bsg_dff_reset_width_p38_7
                                8000        saed90nm_typ  automatic-by-area
core/be/be_mem/csr/mstatus_reg
                   bsg_dff_reset_width_p15_0
                                8000        saed90nm_typ  automatic-by-area
core/be/be_mem/csr/s_interrupt_enc
                   bsg_priority_encode_width_p16_lo_to_hi_p1_4
                                8000        saed90nm_typ  automatic-by-area
core/be/be_mem/csr/s_interrupt_enc/a
                   bsg_priority_encode_one_hot_out_width_p16_lo_to_hi_p1_4
                                ForQA       saed90nm_typ  automatic-by-area
core/be/be_mem/csr/s_interrupt_enc/a/genblk1_scan
                   bsg_scan_width_p16_or_p1_lo_to_hi_p1_4
                                ForQA       saed90nm_typ  automatic-by-area
core/be/be_mem/csr/s_interrupt_enc/b
                   bsg_encode_one_hot_width_p16_lo_to_hi_p1_4
                                8000        saed90nm_typ  automatic-by-area
core/be/be_mem/csr/s_interrupt_enc/b/aligned_left
                   bsg_encode_one_hot_width_p8_8
                                ForQA       saed90nm_typ  automatic-by-area
core/be/be_mem/csr/s_interrupt_enc/b/aligned_left/aligned_left
                   bsg_encode_one_hot_width_p4_26
                                ForQA       saed90nm_typ  automatic-by-area
core/be/be_mem/csr/s_interrupt_enc/b/aligned_left/aligned_left/aligned_right
                   bsg_encode_one_hot_width_p2_51
                                ForQA       saed90nm_typ  automatic-by-area
core/be/be_mem/csr/s_interrupt_enc/b/aligned_left/aligned_left/aligned_right/aligned_left
                   bsg_encode_one_hot_width_p1_111
                                ForQA       saed90nm_typ  automatic-by-area
core/be/be_mem/csr/s_interrupt_enc/b/aligned_left/aligned_left/aligned_right/aligned_right
                   bsg_encode_one_hot_width_p1_110
                                ForQA       saed90nm_typ  automatic-by-area
core/be/be_mem/csr/s_interrupt_enc/b/aligned_left/aligned_right
                   bsg_encode_one_hot_width_p4_25
                                ForQA       saed90nm_typ  automatic-by-area
core/be/be_mem/csr/s_interrupt_enc/b/aligned_left/aligned_right/aligned_left
                   bsg_encode_one_hot_width_p2_50
                                ForQA       saed90nm_typ  automatic-by-area
core/be/be_mem/csr/s_interrupt_enc/b/aligned_left/aligned_right/aligned_left/aligned_left
                   bsg_encode_one_hot_width_p1_109
                                ForQA       saed90nm_typ  automatic-by-area
core/be/be_mem/csr/s_interrupt_enc/b/aligned_left/aligned_right/aligned_left/aligned_right
                   bsg_encode_one_hot_width_p1_108
                                ForQA       saed90nm_typ  automatic-by-area
core/be/be_mem/csr/s_interrupt_enc/b/aligned_left/aligned_right/aligned_right
                   bsg_encode_one_hot_width_p2_49
                                ForQA       saed90nm_typ  automatic-by-area
core/be/be_mem/csr/s_interrupt_enc/b/aligned_left/aligned_right/aligned_right/aligned_left
                   bsg_encode_one_hot_width_p1_107
                                ForQA       saed90nm_typ  automatic-by-area
core/be/be_mem/csr/s_interrupt_enc/b/aligned_left/aligned_right/aligned_right/aligned_right
                   bsg_encode_one_hot_width_p1_106
                                ForQA       saed90nm_typ  automatic-by-area
core/be/be_mem/csr/s_interrupt_enc/b/aligned_right
                   bsg_encode_one_hot_width_p8_7
                                ForQA       saed90nm_typ  automatic-by-area
core/be/be_mem/csr/s_interrupt_enc/b/aligned_right/aligned_left
                   bsg_encode_one_hot_width_p4_24
                                ForQA       saed90nm_typ  automatic-by-area
core/be/be_mem/csr/s_interrupt_enc/b/aligned_right/aligned_left/aligned_left
                   bsg_encode_one_hot_width_p2_48
                                ForQA       saed90nm_typ  automatic-by-area
core/be/be_mem/csr/s_interrupt_enc/b/aligned_right/aligned_left/aligned_left/aligned_left
                   bsg_encode_one_hot_width_p1_105
                                ForQA       saed90nm_typ  automatic-by-area
core/be/be_mem/csr/s_interrupt_enc/b/aligned_right/aligned_left/aligned_left/aligned_right
                   bsg_encode_one_hot_width_p1_104
                                ForQA       saed90nm_typ  automatic-by-area
core/be/be_mem/csr/s_interrupt_enc/b/aligned_right/aligned_left/aligned_right
                   bsg_encode_one_hot_width_p2_47
                                ForQA       saed90nm_typ  automatic-by-area
core/be/be_mem/csr/s_interrupt_enc/b/aligned_right/aligned_left/aligned_right/aligned_left
                   bsg_encode_one_hot_width_p1_103
                                ForQA       saed90nm_typ  automatic-by-area
core/be/be_mem/csr/s_interrupt_enc/b/aligned_right/aligned_left/aligned_right/aligned_right
                   bsg_encode_one_hot_width_p1_102
                                ForQA       saed90nm_typ  automatic-by-area
core/be/be_mem/csr/s_interrupt_enc/b/aligned_right/aligned_right
                   bsg_encode_one_hot_width_p4_23
                                ForQA       saed90nm_typ  automatic-by-area
core/be/be_mem/csr/s_interrupt_enc/b/aligned_right/aligned_right/aligned_left
                   bsg_encode_one_hot_width_p2_46
                                ForQA       saed90nm_typ  automatic-by-area
core/be/be_mem/csr/s_interrupt_enc/b/aligned_right/aligned_right/aligned_left/aligned_left
                   bsg_encode_one_hot_width_p1_101
                                ForQA       saed90nm_typ  automatic-by-area
core/be/be_mem/csr/s_interrupt_enc/b/aligned_right/aligned_right/aligned_left/aligned_right
                   bsg_encode_one_hot_width_p1_100
                                ForQA       saed90nm_typ  automatic-by-area
core/be/be_mem/csr/s_interrupt_enc/b/aligned_right/aligned_right/aligned_right
                   bsg_encode_one_hot_width_p2_45
                                ForQA       saed90nm_typ  automatic-by-area
core/be/be_mem/csr/s_interrupt_enc/b/aligned_right/aligned_right/aligned_right/aligned_left
                   bsg_encode_one_hot_width_p1_99
                                ForQA       saed90nm_typ  automatic-by-area
core/be/be_mem/csr/s_interrupt_enc/b/aligned_right/aligned_right/aligned_right/aligned_right
                   bsg_encode_one_hot_width_p1_98
                                ForQA       saed90nm_typ  automatic-by-area
core/be/be_mem/csr/mepc_reg
                   bsg_dff_reset_width_p41_8
                                8000        saed90nm_typ  automatic-by-area
core/be/be_mem/csr/satp_reg
                   bsg_dff_reset_width_p29_0
                                8000        saed90nm_typ  automatic-by-area
core/be/be_mem/csr/pmpaddr0_reg
                   bsg_dff_reset_width_p38_4
                                8000        saed90nm_typ  automatic-by-area
core/be/be_mem/csr/scounteren_reg
                   bsg_dff_reset_width_p2_3
                                ForQA       saed90nm_typ  automatic-by-area
core/be/be_mem/csr/mip_reg
                   bsg_dff_reset_width_p6_3
                                ForQA       saed90nm_typ  automatic-by-area
core/be/be_mem/csr/minstret_reg
                   bsg_dff_reset_width_p48_3
                                8000        saed90nm_typ  automatic-by-area
core/be/be_mem/csr/mtval_reg
                   bsg_dff_reset_width_p41_7
                                8000        saed90nm_typ  automatic-by-area
core/be/be_mem/csr/mideleg_reg
                   bsg_dff_reset_width_p3_0
                                ForQA       saed90nm_typ  automatic-by-area
core/be/be_mem/csr/mcycle_reg
                   bsg_dff_reset_width_p48_2
                                8000        saed90nm_typ  automatic-by-area
core/be/be_mem/csr/mcause_reg
                   bsg_dff_reset_width_p5_3
                                ForQA       saed90nm_typ  automatic-by-area
core/be/be_mem/csr/mie_reg
                   bsg_dff_reset_width_p6_2
                                ForQA       saed90nm_typ  automatic-by-area
core/be/be_mem/csr/debug_mode_reg
                   bsg_dff_reset_width_p1_17
                                ForQA       saed90nm_typ  automatic-by-area
core/be/be_mem/csr/m_interrupt_enc
                   bsg_priority_encode_width_p16_lo_to_hi_p1_5
                                8000        saed90nm_typ  automatic-by-area
core/be/be_mem/csr/m_interrupt_enc/a
                   bsg_priority_encode_one_hot_out_width_p16_lo_to_hi_p1_5
                                8000        saed90nm_typ  automatic-by-area
core/be/be_mem/csr/m_interrupt_enc/a/genblk1_scan
                   bsg_scan_width_p16_or_p1_lo_to_hi_p1_5
                                ForQA       saed90nm_typ  automatic-by-area
core/be/be_mem/csr/m_interrupt_enc/b
                   bsg_encode_one_hot_width_p16_lo_to_hi_p1_5
                                8000        saed90nm_typ  automatic-by-area
core/be/be_mem/csr/m_interrupt_enc/b/aligned_left
                   bsg_encode_one_hot_width_p8_10
                                ForQA       saed90nm_typ  automatic-by-area
core/be/be_mem/csr/m_interrupt_enc/b/aligned_left/aligned_left
                   bsg_encode_one_hot_width_p4_30
                                ForQA       saed90nm_typ  automatic-by-area
core/be/be_mem/csr/m_interrupt_enc/b/aligned_left/aligned_left/aligned_left
                   bsg_encode_one_hot_width_p2_60
                                ForQA       saed90nm_typ  automatic-by-area
core/be/be_mem/csr/m_interrupt_enc/b/aligned_left/aligned_left/aligned_left/aligned_right
                   bsg_encode_one_hot_width_p1_127
                                ForQA       saed90nm_typ  automatic-by-area
core/be/be_mem/csr/m_interrupt_enc/b/aligned_left/aligned_left/aligned_right
                   bsg_encode_one_hot_width_p2_59
                                ForQA       saed90nm_typ  automatic-by-area
core/be/be_mem/csr/m_interrupt_enc/b/aligned_left/aligned_left/aligned_right/aligned_left
                   bsg_encode_one_hot_width_p1_126
                                ForQA       saed90nm_typ  automatic-by-area
core/be/be_mem/csr/m_interrupt_enc/b/aligned_left/aligned_left/aligned_right/aligned_right
                   bsg_encode_one_hot_width_p1_125
                                ForQA       saed90nm_typ  automatic-by-area
core/be/be_mem/csr/m_interrupt_enc/b/aligned_left/aligned_right
                   bsg_encode_one_hot_width_p4_29
                                ForQA       saed90nm_typ  automatic-by-area
core/be/be_mem/csr/m_interrupt_enc/b/aligned_left/aligned_right/aligned_left
                   bsg_encode_one_hot_width_p2_58
                                ForQA       saed90nm_typ  automatic-by-area
core/be/be_mem/csr/m_interrupt_enc/b/aligned_left/aligned_right/aligned_left/aligned_left
                   bsg_encode_one_hot_width_p1_124
                                ForQA       saed90nm_typ  automatic-by-area
core/be/be_mem/csr/m_interrupt_enc/b/aligned_left/aligned_right/aligned_left/aligned_right
                   bsg_encode_one_hot_width_p1_123
                                ForQA       saed90nm_typ  automatic-by-area
core/be/be_mem/csr/m_interrupt_enc/b/aligned_left/aligned_right/aligned_right
                   bsg_encode_one_hot_width_p2_57
                                ForQA       saed90nm_typ  automatic-by-area
core/be/be_mem/csr/m_interrupt_enc/b/aligned_left/aligned_right/aligned_right/aligned_left
                   bsg_encode_one_hot_width_p1_122
                                ForQA       saed90nm_typ  automatic-by-area
core/be/be_mem/csr/m_interrupt_enc/b/aligned_left/aligned_right/aligned_right/aligned_right
                   bsg_encode_one_hot_width_p1_121
                                ForQA       saed90nm_typ  automatic-by-area
core/be/be_mem/csr/m_interrupt_enc/b/aligned_right
                   bsg_encode_one_hot_width_p8_9
                                ForQA       saed90nm_typ  automatic-by-area
core/be/be_mem/csr/m_interrupt_enc/b/aligned_right/aligned_left
                   bsg_encode_one_hot_width_p4_28
                                ForQA       saed90nm_typ  automatic-by-area
core/be/be_mem/csr/m_interrupt_enc/b/aligned_right/aligned_left/aligned_left
                   bsg_encode_one_hot_width_p2_56
                                ForQA       saed90nm_typ  automatic-by-area
core/be/be_mem/csr/m_interrupt_enc/b/aligned_right/aligned_left/aligned_left/aligned_left
                   bsg_encode_one_hot_width_p1_120
                                ForQA       saed90nm_typ  automatic-by-area
core/be/be_mem/csr/m_interrupt_enc/b/aligned_right/aligned_left/aligned_left/aligned_right
                   bsg_encode_one_hot_width_p1_119
                                ForQA       saed90nm_typ  automatic-by-area
core/be/be_mem/csr/m_interrupt_enc/b/aligned_right/aligned_left/aligned_right
                   bsg_encode_one_hot_width_p2_55
                                ForQA       saed90nm_typ  automatic-by-area
core/be/be_mem/csr/m_interrupt_enc/b/aligned_right/aligned_left/aligned_right/aligned_left
                   bsg_encode_one_hot_width_p1_118
                                ForQA       saed90nm_typ  automatic-by-area
core/be/be_mem/csr/m_interrupt_enc/b/aligned_right/aligned_left/aligned_right/aligned_right
                   bsg_encode_one_hot_width_p1_117
                                ForQA       saed90nm_typ  automatic-by-area
core/be/be_mem/csr/m_interrupt_enc/b/aligned_right/aligned_right
                   bsg_encode_one_hot_width_p4_27
                                ForQA       saed90nm_typ  automatic-by-area
core/be/be_mem/csr/m_interrupt_enc/b/aligned_right/aligned_right/aligned_left
                   bsg_encode_one_hot_width_p2_54
                                ForQA       saed90nm_typ  automatic-by-area
core/be/be_mem/csr/m_interrupt_enc/b/aligned_right/aligned_right/aligned_left/aligned_left
                   bsg_encode_one_hot_width_p1_116
                                ForQA       saed90nm_typ  automatic-by-area
core/be/be_mem/csr/m_interrupt_enc/b/aligned_right/aligned_right/aligned_left/aligned_right
                   bsg_encode_one_hot_width_p1_115
                                ForQA       saed90nm_typ  automatic-by-area
core/be/be_mem/csr/m_interrupt_enc/b/aligned_right/aligned_right/aligned_right
                   bsg_encode_one_hot_width_p2_53
                                ForQA       saed90nm_typ  automatic-by-area
core/be/be_mem/csr/m_interrupt_enc/b/aligned_right/aligned_right/aligned_right/aligned_left
                   bsg_encode_one_hot_width_p1_114
                                ForQA       saed90nm_typ  automatic-by-area
core/be/be_mem/csr/m_interrupt_enc/b/aligned_right/aligned_right/aligned_right/aligned_right
                   bsg_encode_one_hot_width_p1_113
                                ForQA       saed90nm_typ  automatic-by-area
core/be/be_mem/csr/mcause_exception_enc
                   bsg_priority_encode_width_p16_lo_to_hi_p1_3
                                8000        saed90nm_typ  automatic-by-area
core/be/be_mem/csr/mcause_exception_enc/a
                   bsg_priority_encode_one_hot_out_width_p16_lo_to_hi_p1_3
                                8000        saed90nm_typ  automatic-by-area
core/be/be_mem/csr/mcause_exception_enc/a/genblk1_scan
                   bsg_scan_width_p16_or_p1_lo_to_hi_p1_3
                                ForQA       saed90nm_typ  automatic-by-area
core/be/be_mem/csr/mcause_exception_enc/b
                   bsg_encode_one_hot_width_p16_lo_to_hi_p1_3
                                8000        saed90nm_typ  automatic-by-area
core/be/be_mem/csr/mcause_exception_enc/b/aligned_left
                   bsg_encode_one_hot_width_p8_6
                                ForQA       saed90nm_typ  automatic-by-area
core/be/be_mem/csr/mcause_exception_enc/b/aligned_left/aligned_left
                   bsg_encode_one_hot_width_p4_34
                                ForQA       saed90nm_typ  automatic-by-area
core/be/be_mem/csr/mcause_exception_enc/b/aligned_left/aligned_left/aligned_left
                   bsg_encode_one_hot_width_p2_68
                                ForQA       saed90nm_typ  automatic-by-area
core/be/be_mem/csr/mcause_exception_enc/b/aligned_left/aligned_left/aligned_left/aligned_left
                   bsg_encode_one_hot_width_p1_143
                                ForQA       saed90nm_typ  automatic-by-area
core/be/be_mem/csr/mcause_exception_enc/b/aligned_left/aligned_left/aligned_left/aligned_right
                   bsg_encode_one_hot_width_p1_142
                                ForQA       saed90nm_typ  automatic-by-area
core/be/be_mem/csr/mcause_exception_enc/b/aligned_left/aligned_left/aligned_right
                   bsg_encode_one_hot_width_p2_67
                                ForQA       saed90nm_typ  automatic-by-area
core/be/be_mem/csr/mcause_exception_enc/b/aligned_left/aligned_left/aligned_right/aligned_left
                   bsg_encode_one_hot_width_p1_141
                                ForQA       saed90nm_typ  automatic-by-area
core/be/be_mem/csr/mcause_exception_enc/b/aligned_left/aligned_left/aligned_right/aligned_right
                   bsg_encode_one_hot_width_p1_140
                                ForQA       saed90nm_typ  automatic-by-area
core/be/be_mem/csr/mcause_exception_enc/b/aligned_left/aligned_right
                   bsg_encode_one_hot_width_p4_33
                                ForQA       saed90nm_typ  automatic-by-area
core/be/be_mem/csr/mcause_exception_enc/b/aligned_left/aligned_right/aligned_left
                   bsg_encode_one_hot_width_p2_66
                                ForQA       saed90nm_typ  automatic-by-area
core/be/be_mem/csr/mcause_exception_enc/b/aligned_left/aligned_right/aligned_left/aligned_left
                   bsg_encode_one_hot_width_p1_139
                                ForQA       saed90nm_typ  automatic-by-area
core/be/be_mem/csr/mcause_exception_enc/b/aligned_left/aligned_right/aligned_left/aligned_right
                   bsg_encode_one_hot_width_p1_138
                                ForQA       saed90nm_typ  automatic-by-area
core/be/be_mem/csr/mcause_exception_enc/b/aligned_left/aligned_right/aligned_right
                   bsg_encode_one_hot_width_p2_65
                                ForQA       saed90nm_typ  automatic-by-area
core/be/be_mem/csr/mcause_exception_enc/b/aligned_left/aligned_right/aligned_right/aligned_left
                   bsg_encode_one_hot_width_p1_137
                                ForQA       saed90nm_typ  automatic-by-area
core/be/be_mem/csr/mcause_exception_enc/b/aligned_left/aligned_right/aligned_right/aligned_right
                   bsg_encode_one_hot_width_p1_136
                                ForQA       saed90nm_typ  automatic-by-area
core/be/be_mem/csr/mcause_exception_enc/b/aligned_right
                   bsg_encode_one_hot_width_p8_11
                                ForQA       saed90nm_typ  automatic-by-area
core/be/be_mem/csr/mcause_exception_enc/b/aligned_right/aligned_left
                   bsg_encode_one_hot_width_p4_32
                                ForQA       saed90nm_typ  automatic-by-area
core/be/be_mem/csr/mcause_exception_enc/b/aligned_right/aligned_left/aligned_left
                   bsg_encode_one_hot_width_p2_64
                                ForQA       saed90nm_typ  automatic-by-area
core/be/be_mem/csr/mcause_exception_enc/b/aligned_right/aligned_left/aligned_left/aligned_left
                   bsg_encode_one_hot_width_p1_135
                                ForQA       saed90nm_typ  automatic-by-area
core/be/be_mem/csr/mcause_exception_enc/b/aligned_right/aligned_left/aligned_left/aligned_right
                   bsg_encode_one_hot_width_p1_134
                                ForQA       saed90nm_typ  automatic-by-area
core/be/be_mem/csr/mcause_exception_enc/b/aligned_right/aligned_left/aligned_right
                   bsg_encode_one_hot_width_p2_63
                                ForQA       saed90nm_typ  automatic-by-area
core/be/be_mem/csr/mcause_exception_enc/b/aligned_right/aligned_left/aligned_right/aligned_left
                   bsg_encode_one_hot_width_p1_133
                                ForQA       saed90nm_typ  automatic-by-area
core/be/be_mem/csr/mcause_exception_enc/b/aligned_right/aligned_left/aligned_right/aligned_right
                   bsg_encode_one_hot_width_p1_132
                                ForQA       saed90nm_typ  automatic-by-area
core/be/be_mem/csr/mcause_exception_enc/b/aligned_right/aligned_right
                   bsg_encode_one_hot_width_p4_31
                                ForQA       saed90nm_typ  automatic-by-area
core/be/be_mem/csr/mcause_exception_enc/b/aligned_right/aligned_right/aligned_left
                   bsg_encode_one_hot_width_p2_62
                                ForQA       saed90nm_typ  automatic-by-area
core/be/be_mem/csr/mcause_exception_enc/b/aligned_right/aligned_right/aligned_left/aligned_left
                   bsg_encode_one_hot_width_p1_131
                                ForQA       saed90nm_typ  automatic-by-area
core/be/be_mem/csr/mcause_exception_enc/b/aligned_right/aligned_right/aligned_left/aligned_right
                   bsg_encode_one_hot_width_p1_130
                                ForQA       saed90nm_typ  automatic-by-area
core/be/be_mem/csr/mcause_exception_enc/b/aligned_right/aligned_right/aligned_right
                   bsg_encode_one_hot_width_p2_61
                                ForQA       saed90nm_typ  automatic-by-area
core/be/be_mem/csr/mcause_exception_enc/b/aligned_right/aligned_right/aligned_right/aligned_left
                   bsg_encode_one_hot_width_p1_129
                                ForQA       saed90nm_typ  automatic-by-area
core/be/be_mem/csr/mcause_exception_enc/b/aligned_right/aligned_right/aligned_right/aligned_right
                   bsg_encode_one_hot_width_p1_128
                                ForQA       saed90nm_typ  automatic-by-area
core/be/be_mem/csr/stvec_reg
                   bsg_dff_reset_width_p39_2
                                8000        saed90nm_typ  automatic-by-area
core/be/be_mem/vaddr_pipe
                   bsg_dff_chain_width_p39_num_stages_p2_0
                                8000        saed90nm_typ  automatic-by-area
core/be/be_mem/vaddr_pipe/chained_genblk1_1__ch_reg
                   bsg_dff_width_p39_2
                                8000        saed90nm_typ  automatic-by-area
core/be/be_mem/vaddr_pipe/chained_genblk1_2__ch_reg
                   bsg_dff_width_p39_3
                                8000        saed90nm_typ  automatic-by-area
core/be/be_calculator
                   bp_be_calculator_top_02_0
                                140000      saed90nm_typ  automatic-by-area
core/be/be_calculator/comp_stage_reg
                   bsg_dff_width_p320_0
                                8000        saed90nm_typ  automatic-by-area
core/be/be_calculator/calc_stage_reg
                   bsg_dff_width_p415_0
                                16000       saed90nm_typ  automatic-by-area
core/be/be_calculator/comp_stage_mux
                   bsg_mux_segmented_segments_p5_segment_width_p64_0
                                8000        saed90nm_typ  automatic-by-area
core/be/be_calculator/int_bypass
                   bp_be_bypass_fwd_els_p4_0
                                8000        saed90nm_typ  automatic-by-area
core/be/be_calculator/int_bypass/bypass_rs1_crossbar
                   bsg_crossbar_o_by_i_i_els_p5_o_els_p1_width_p64_2
                                8000        saed90nm_typ  automatic-by-area
core/be/be_calculator/int_bypass/bypass_rs1_crossbar/genblk1_0__mux_one_hot
                   bsg_mux_one_hot_width_p64_els_p5_2
                                8000        saed90nm_typ  automatic-by-area
core/be/be_calculator/int_bypass/bypass_rs2_crossbar
                   bsg_crossbar_o_by_i_i_els_p5_o_els_p1_width_p64_3
                                8000        saed90nm_typ  automatic-by-area
core/be/be_calculator/int_bypass/bypass_rs2_crossbar/genblk1_0__mux_one_hot
                   bsg_mux_one_hot_width_p64_els_p5_3
                                8000        saed90nm_typ  automatic-by-area
core/be/be_calculator/int_bypass/bypass_match_one_hot_rs1
                   bsg_priority_encode_one_hot_out_width_p5_lo_to_hi_p1_2
                                ForQA       saed90nm_typ  automatic-by-area
core/be/be_calculator/int_bypass/bypass_match_one_hot_rs1/genblk1_scan
                   bsg_scan_width_p5_or_p1_lo_to_hi_p1_2
                                ForQA       saed90nm_typ  automatic-by-area
core/be/be_calculator/int_bypass/bypass_match_one_hot_rs2
                   bsg_priority_encode_one_hot_out_width_p5_lo_to_hi_p1_3
                                ForQA       saed90nm_typ  automatic-by-area
core/be/be_calculator/int_bypass/bypass_match_one_hot_rs2/genblk1_scan
                   bsg_scan_width_p5_or_p1_lo_to_hi_p1_3
                                ForQA       saed90nm_typ  automatic-by-area
core/be/be_calculator/exc_stage_reg
                   bsg_dff_width_p25_0
                                8000        saed90nm_typ  automatic-by-area
core/be/be_calculator/pipe_mem
                   bp_be_pipe_mem_02_0
                                16000       saed90nm_typ  automatic-by-area
core/be/be_calculator/pipe_mem/csr_shift_reg
                   bsg_shift_reg_width_p81_stages_p2_0
                                8000        saed90nm_typ  automatic-by-area
core/be/be_calculator/pipe_mem/add_x_2
                   bp_be_pipe_mem_02_DW01_add_0_0
                                8000        saed90nm_typ  automatic-by-area
core/be/be_calculator/reservation_reg
                   bsg_dff_width_p295_0
                                8000        saed90nm_typ  automatic-by-area
core/be/be_calculator/pipe_int
                   bp_be_pipe_int_vaddr_width_p39_0
                                70000       saed90nm_typ  automatic-by-area
core/be/be_calculator/pipe_int/add_x_1
                   bp_be_pipe_int_vaddr_width_p39_DW01_add_J31_1_0
                                8000        saed90nm_typ  automatic-by-area
core/be/be_calculator/pipe_int/add_x_6
                   bp_be_pipe_int_vaddr_width_p39_DW01_add_J42_0_0
                                8000        saed90nm_typ  automatic-by-area
core/be/be_calculator/pipe_int/alu
                   bp_be_int_alu_0
                                35000       saed90nm_typ  automatic-by-area
core/be/be_calculator/pipe_int/alu/gte_x_8
                   bp_be_int_alu_DW_cmp_J14_2_0
                                8000        saed90nm_typ  automatic-by-area
core/be/be_calculator/pipe_int/alu/DP_OP_38_134_1409
                   bp_be_int_alu_DP_OP_38_134_1409_2_0
                                8000        saed90nm_typ  automatic-by-area
core/be/be_calculator/pipe_int/alu/DP_OP_41J14_125_155
                   bp_be_int_alu_DP_OP_41J14_125_155_J14_0_0
                                8000        saed90nm_typ  automatic-by-area
core/be/be_calculator/pipe_int/alu/lt_x_7
                   bp_be_int_alu_DW_cmp_J14_3_0
                                8000        saed90nm_typ  automatic-by-area
core/be/be_calculator/pipe_int/alu/gte_x_12
                   bp_be_int_alu_DW_cmp_J14_0_0
                                8000        saed90nm_typ  automatic-by-area
core/be/be_calculator/pipe_int/alu/lt_x_11
                   bp_be_int_alu_DW_cmp_J14_1_0
                                8000        saed90nm_typ  automatic-by-area
fifo_0__mem_fifo   bsg_one_fifo_width_p184_2
                                8000        saed90nm_typ  automatic-by-area
fifo_0__mem_fifo/dff_full
                   bsg_dff_reset_width_p1_11
                                ForQA       saed90nm_typ  automatic-by-area
fifo_0__mem_fifo/dff
                   bsg_dff_en_width_p184_harden_p0_2
                                8000        saed90nm_typ  automatic-by-area

Power-specific unit information :
    Voltage Units = 1 V
    Capacitance Units = 1 pf
    Time Units = 1 ns
    Dynamic Power Units = 1 W
    Leakage Power Units = 1 W



  Attributes
  ----------
      i  -  Including register clock pin internal power
      u  -  User defined power group

                        Internal  Switching  Leakage    Total
Power Group             Power     Power      Power      Power   (     %)  Attrs
--------------------------------------------------------------------------------
clock_network              0.1014    0.0181 1.307e-04    0.1196 (85.64%)  i
register                -5.483e-05
                                  2.071e-04 4.841e-03 4.993e-03 ( 3.58%)  
combinational           1.855e-03 1.895e-03 5.876e-03 9.625e-03 ( 6.89%)  
sequential                 0.0000    0.0000    0.0000    0.0000 ( 0.00%)  
memory                     0.0000    0.0000    0.0000    0.0000 ( 0.00%)  
io_pad                     0.0000    0.0000    0.0000    0.0000 ( 0.00%)  
black_box               4.953e-03 4.376e-05 4.280e-04 5.425e-03 ( 3.89%)  

  Net Switching Power  =    0.0202   (14.50%)
  Cell Internal Power  =    0.1081   (77.43%)
  Cell Leakage Power   =    0.0113   ( 8.08%)
                         ---------
Total Power            =    0.1396  (100.00%)

1
